In file included from [01m[K/home/r/ros2_ws/src/robot_node1/src/mpu6500.cpp:2[m[K:
[01m[K/home/r/ros2_ws/src/robot_node1/include/mpu6500.h:38:53:[m[K [01;31m[Kerror: [m[Kâ€˜[01m[Ksize_t[m[Kâ€™ has not been declared
   38 |     int read_register(uint8_t reg, uint8_t *buffer, [01;31m[Ksize_t[m[K len);
      |                                                     [01;31m[K^~~~~~[m[K
[01m[K/home/r/ros2_ws/src/robot_node1/src/mpu6500.cpp:16:5:[m[K [01;31m[Kerror: [m[Kno declaration matches â€˜[01m[Kint MPU6500::read_register(uint8_t, uint8_t*, size_t)[m[Kâ€™
   16 | int [01;31m[KMPU6500[m[K::read_register(uint8_t reg, uint8_t *buffer, size_t len) {
      |     [01;31m[K^~~~~~~[m[K
In file included from [01m[K/home/r/ros2_ws/src/robot_node1/src/mpu6500.cpp:2[m[K:
[01m[K/home/r/ros2_ws/src/robot_node1/include/mpu6500.h:38:9:[m[K [01;36m[Knote: [m[Kcandidate is: â€˜[01m[Kint MPU6500::read_register(uint8_t, uint8_t*, int)[m[Kâ€™
   38 |     int [01;36m[Kread_register[m[K(uint8_t reg, uint8_t *buffer, size_t len);
      |         [01;36m[K^~~~~~~~~~~~~[m[K
[01m[K/home/r/ros2_ws/src/robot_node1/include/mpu6500.h:28:7:[m[K [01;36m[Knote: [m[Kâ€˜[01m[Kclass MPU6500[m[Kâ€™ defined here
   28 | class [01;36m[KMPU6500[m[K {
      |       [01;36m[K^~~~~~~[m[K
gmake[2]: *** [CMakeFiles/imu_node.dir/build.make:90: CMakeFiles/imu_node.dir/src/mpu6500.cpp.o] Error 1
gmake[2]: *** Waiting for unfinished jobs....
In file included from [01m[K/home/r/ros2_ws/src/robot_node1/src/imu_node.cpp:2[m[K:
[01m[K/home/r/ros2_ws/src/robot_node1/include/mpu6500.h:38:53:[m[K [01;31m[Kerror: [m[Kâ€˜[01m[Ksize_t[m[Kâ€™ has not been declared
   38 |     int read_register(uint8_t reg, uint8_t *buffer, [01;31m[Ksize_t[m[K len);
      |                                                     [01;31m[K^~~~~~[m[K
[01m[K/home/r/ros2_ws/src/robot_node1/src/imu_node.cpp:[m[K In constructor â€˜[01m[KImuNode::ImuNode()[m[Kâ€™:
[01m[K/home/r/ros2_ws/src/robot_node1/src/imu_node.cpp:10:37:[m[K [01;31m[Kerror: [m[Kâ€˜[01m[KO_RDWR[m[Kâ€™ was not declared in this scope
   10 |         i2c_fd = open("/dev/i2c-1", [01;31m[KO_RDWR[m[K);
      |                                     [01;31m[K^~~~~~[m[K
[01m[K/home/r/ros2_ws/src/robot_node1/src/imu_node.cpp:10:18:[m[K [01;31m[Kerror: [m[Kâ€˜[01m[Kopen[m[Kâ€™ was not declared in this scope; did you mean â€˜[01m[Kpopen[m[Kâ€™?
   10 |         i2c_fd = [01;31m[Kopen[m[K("/dev/i2c-1", O_RDWR);
      |                  [01;31m[K^~~~[m[K
      |                  [32m[Kpopen[m[K
gmake[2]: *** [CMakeFiles/imu_node.dir/build.make:76: CMakeFiles/imu_node.dir/src/imu_node.cpp.o] Error 1
gmake[1]: *** [CMakeFiles/Makefile2:137: CMakeFiles/imu_node.dir/all] Error 2
gmake: *** [Makefile:146: all] Error 2
