-- The C compiler identification is GNU 11.4.0
-- The CXX compiler identification is GNU 11.4.0
-- Detecting C compiler ABI info
-- Detecting C compiler ABI info - done
-- Check for working C compiler: /usr/bin/cc - skipped
-- Detecting C compile features
-- Detecting C compile features - done
-- Detecting CXX compiler ABI info
-- Detecting CXX compiler ABI info - done
-- Check for working CXX compiler: /usr/bin/c++ - skipped
-- Detecting CXX compile features
-- Detecting CXX compile features - done
-- Found ament_cmake: 1.3.10 (/opt/ros/humble/share/ament_cmake/cmake)
-- Found Python3: /usr/bin/python3 (found version "3.10.12") found components: Interpreter 
-- Found rclcpp: 16.0.10 (/opt/ros/humble/share/rclcpp/cmake)
-- Found rosidl_generator_c: 3.1.5 (/opt/ros/humble/share/rosidl_generator_c/cmake)
-- Found rosidl_adapter: 3.1.5 (/opt/ros/humble/share/rosidl_adapter/cmake)
-- Found rosidl_generator_cpp: 3.1.5 (/opt/ros/humble/share/rosidl_generator_cpp/cmake)
-- Using all available rosidl_typesupport_c: rosidl_typesupport_fastrtps_c;rosidl_typesupport_introspection_c
-- Using all available rosidl_typesupport_cpp: rosidl_typesupport_fastrtps_cpp;rosidl_typesupport_introspection_cpp
-- Found rmw_implementation_cmake: 6.1.2 (/opt/ros/humble/share/rmw_implementation_cmake/cmake)
-- Found rmw_fastrtps_cpp: 6.2.7 (/opt/ros/humble/share/rmw_fastrtps_cpp/cmake)
-- Found OpenSSL: /usr/lib/x86_64-linux-gnu/libcrypto.so (found version "3.0.2")  
-- Found FastRTPS: /opt/ros/humble/include  
-- Using RMW implementation 'rmw_fastrtps_cpp' as default
-- Looking for pthread.h
-- Looking for pthread.h - found
-- Performing Test CMAKE_HAVE_LIBC_PTHREAD
-- Performing Test CMAKE_HAVE_LIBC_PTHREAD - Success
-- Found Threads: TRUE  
-- Found sensor_msgs: 4.2.4 (/opt/ros/humble/share/sensor_msgs/cmake)
-- Found ament_lint_auto: 0.12.11 (/opt/ros/humble/share/ament_lint_auto/cmake)
-- Added test 'copyright' to check source files copyright and LICENSE
-- Added test 'cppcheck' to perform static code analysis on C / C++ code
-- Configured cppcheck include dirs: /home/r/ros2_ws/src/robot_node1/include
-- Configured cppcheck exclude dirs and/or files: 
-- Added test 'flake8' to check Python code syntax and style conventions
-- Added test 'lint_cmake' to check CMake code style
-- Added test 'pep257' to check Python code against some of the docstring style conventions in PEP 257
-- Added test 'uncrustify' to check C / C++ code style
-- Configured uncrustify additional arguments: 
-- Added test 'xmllint' to check XML markup files
-- Configuring done
-- Generating done
-- Build files have been written to: /home/r/ros2_ws/build/robot_node1
[ 33%] [32mBuilding CXX object CMakeFiles/imu_node.dir/src/imu_node.cpp.o[0m
[ 66%] [32mBuilding CXX object CMakeFiles/imu_node.dir/src/mpu6500.cpp.o[0m
In file included from [01m[K/home/r/ros2_ws/src/robot_node1/src/mpu6500.cpp:2[m[K:
[01m[K/home/r/ros2_ws/src/robot_node1/include/mpu6500.h:38:53:[m[K [01;31m[Kerror: [m[Kâ€˜[01m[Ksize_t[m[Kâ€™ has not been declared
   38 |     int read_register(uint8_t reg, uint8_t *buffer, [01;31m[Ksize_t[m[K len);
      |                                                     [01;31m[K^~~~~~[m[K
[01m[K/home/r/ros2_ws/src/robot_node1/src/mpu6500.cpp:16:5:[m[K [01;31m[Kerror: [m[Kno declaration matches â€˜[01m[Kint MPU6500::read_register(uint8_t, uint8_t*, size_t)[m[Kâ€™
   16 | int [01;31m[KMPU6500[m[K::read_register(uint8_t reg, uint8_t *buffer, size_t len) {
      |     [01;31m[K^~~~~~~[m[K
In file included from [01m[K/home/r/ros2_ws/src/robot_node1/src/mpu6500.cpp:2[m[K:
[01m[K/home/r/ros2_ws/src/robot_node1/include/mpu6500.h:38:9:[m[K [01;36m[Knote: [m[Kcandidate is: â€˜[01m[Kint MPU6500::read_register(uint8_t, uint8_t*, int)[m[Kâ€™
   38 |     int [01;36m[Kread_register[m[K(uint8_t reg, uint8_t *buffer, size_t len);
      |         [01;36m[K^~~~~~~~~~~~~[m[K
[01m[K/home/r/ros2_ws/src/robot_node1/include/mpu6500.h:28:7:[m[K [01;36m[Knote: [m[Kâ€˜[01m[Kclass MPU6500[m[Kâ€™ defined here
   28 | class [01;36m[KMPU6500[m[K {
      |       [01;36m[K^~~~~~~[m[K
gmake[2]: *** [CMakeFiles/imu_node.dir/build.make:90: CMakeFiles/imu_node.dir/src/mpu6500.cpp.o] Error 1
gmake[2]: *** Waiting for unfinished jobs....
In file included from [01m[K/home/r/ros2_ws/src/robot_node1/src/imu_node.cpp:2[m[K:
[01m[K/home/r/ros2_ws/src/robot_node1/include/mpu6500.h:38:53:[m[K [01;31m[Kerror: [m[Kâ€˜[01m[Ksize_t[m[Kâ€™ has not been declared
   38 |     int read_register(uint8_t reg, uint8_t *buffer, [01;31m[Ksize_t[m[K len);
      |                                                     [01;31m[K^~~~~~[m[K
[01m[K/home/r/ros2_ws/src/robot_node1/src/imu_node.cpp:[m[K In constructor â€˜[01m[KImuNode::ImuNode()[m[Kâ€™:
[01m[K/home/r/ros2_ws/src/robot_node1/src/imu_node.cpp:10:37:[m[K [01;31m[Kerror: [m[Kâ€˜[01m[KO_RDWR[m[Kâ€™ was not declared in this scope
   10 |         i2c_fd = open("/dev/i2c-1", [01;31m[KO_RDWR[m[K);
      |                                     [01;31m[K^~~~~~[m[K
[01m[K/home/r/ros2_ws/src/robot_node1/src/imu_node.cpp:10:18:[m[K [01;31m[Kerror: [m[Kâ€˜[01m[Kopen[m[Kâ€™ was not declared in this scope; did you mean â€˜[01m[Kpopen[m[Kâ€™?
   10 |         i2c_fd = [01;31m[Kopen[m[K("/dev/i2c-1", O_RDWR);
      |                  [01;31m[K^~~~[m[K
      |                  [32m[Kpopen[m[K
gmake[2]: *** [CMakeFiles/imu_node.dir/build.make:76: CMakeFiles/imu_node.dir/src/imu_node.cpp.o] Error 1
gmake[1]: *** [CMakeFiles/Makefile2:137: CMakeFiles/imu_node.dir/all] Error 2
gmake: *** [Makefile:146: all] Error 2
