[0.046s] Invoking command in '/home/r/ros2_ws/build/robot_node1': CMAKE_PREFIX_PATH=${CMAKE_PREFIX_PATH}:/opt/ros/humble /usr/bin/cmake /home/r/ros2_ws/src/robot_node1 -DCMAKE_INSTALL_PREFIX=/home/r/ros2_ws/install/robot_node1
[0.507s] -- The C compiler identification is GNU 11.4.0
[0.773s] -- The CXX compiler identification is GNU 11.4.0
[0.811s] -- Detecting C compiler ABI info
[0.940s] -- Detecting C compiler ABI info - done
[0.945s] -- Check for working C compiler: /usr/bin/cc - skipped
[0.947s] -- Detecting C compile features
[0.949s] -- Detecting C compile features - done
[0.954s] -- Detecting CXX compiler ABI info
[1.055s] -- Detecting CXX compiler ABI info - done
[1.061s] -- Check for working CXX compiler: /usr/bin/c++ - skipped
[1.061s] -- Detecting CXX compile features
[1.062s] -- Detecting CXX compile features - done
[1.095s] -- Found ament_cmake: 1.3.10 (/opt/ros/humble/share/ament_cmake/cmake)
[1.288s] -- Found Python3: /usr/bin/python3 (found version "3.10.12") found components: Interpreter 
[1.466s] -- Found rclcpp: 16.0.10 (/opt/ros/humble/share/rclcpp/cmake)
[1.591s] -- Found rosidl_generator_c: 3.1.5 (/opt/ros/humble/share/rosidl_generator_c/cmake)
[1.601s] -- Found rosidl_adapter: 3.1.5 (/opt/ros/humble/share/rosidl_adapter/cmake)
[1.620s] -- Found rosidl_generator_cpp: 3.1.5 (/opt/ros/humble/share/rosidl_generator_cpp/cmake)
[1.654s] -- Using all available rosidl_typesupport_c: rosidl_typesupport_fastrtps_c;rosidl_typesupport_introspection_c
[1.706s] -- Using all available rosidl_typesupport_cpp: rosidl_typesupport_fastrtps_cpp;rosidl_typesupport_introspection_cpp
[1.836s] -- Found rmw_implementation_cmake: 6.1.2 (/opt/ros/humble/share/rmw_implementation_cmake/cmake)
[1.845s] -- Found rmw_fastrtps_cpp: 6.2.7 (/opt/ros/humble/share/rmw_fastrtps_cpp/cmake)
[2.030s] -- Found OpenSSL: /usr/lib/x86_64-linux-gnu/libcrypto.so (found version "3.0.2")  
[2.065s] -- Found FastRTPS: /opt/ros/humble/include  
[2.105s] -- Using RMW implementation 'rmw_fastrtps_cpp' as default
[2.126s] -- Looking for pthread.h
[2.257s] -- Looking for pthread.h - found
[2.257s] -- Performing Test CMAKE_HAVE_LIBC_PTHREAD
[2.344s] -- Performing Test CMAKE_HAVE_LIBC_PTHREAD - Success
[2.345s] -- Found Threads: TRUE  
[2.461s] -- Found sensor_msgs: 4.2.4 (/opt/ros/humble/share/sensor_msgs/cmake)
[2.525s] -- Found ament_lint_auto: 0.12.11 (/opt/ros/humble/share/ament_lint_auto/cmake)
[2.628s] -- Added test 'copyright' to check source files copyright and LICENSE
[2.630s] -- Added test 'cppcheck' to perform static code analysis on C / C++ code
[2.630s] -- Configured cppcheck include dirs: /home/r/ros2_ws/src/robot_node1/include
[2.630s] -- Configured cppcheck exclude dirs and/or files: 
[2.636s] -- Added test 'flake8' to check Python code syntax and style conventions
[2.640s] -- Added test 'lint_cmake' to check CMake code style
[2.641s] -- Added test 'pep257' to check Python code against some of the docstring style conventions in PEP 257
[2.643s] -- Added test 'uncrustify' to check C / C++ code style
[2.644s] -- Configured uncrustify additional arguments: 
[2.646s] -- Added test 'xmllint' to check XML markup files
[2.661s] -- Configuring done
[2.698s] -- Generating done
[2.700s] -- Build files have been written to: /home/r/ros2_ws/build/robot_node1
[2.710s] Invoked command in '/home/r/ros2_ws/build/robot_node1' returned '0': CMAKE_PREFIX_PATH=${CMAKE_PREFIX_PATH}:/opt/ros/humble /usr/bin/cmake /home/r/ros2_ws/src/robot_node1 -DCMAKE_INSTALL_PREFIX=/home/r/ros2_ws/install/robot_node1
[2.711s] Invoking command in '/home/r/ros2_ws/build/robot_node1': CMAKE_PREFIX_PATH=${CMAKE_PREFIX_PATH}:/opt/ros/humble /usr/bin/cmake --build /home/r/ros2_ws/build/robot_node1 -- -j2 -l2
[2.776s] [ 33%] [32mBuilding CXX object CMakeFiles/imu_node.dir/src/imu_node.cpp.o[0m
[2.777s] [ 66%] [32mBuilding CXX object CMakeFiles/imu_node.dir/src/mpu6500.cpp.o[0m
[2.895s] In file included from [01m[K/home/r/ros2_ws/src/robot_node1/src/mpu6500.cpp:2[m[K:
[2.895s] [01m[K/home/r/ros2_ws/src/robot_node1/include/mpu6500.h:38:53:[m[K [01;31m[Kerror: [m[Kâ€˜[01m[Ksize_t[m[Kâ€™ has not been declared
[2.895s]    38 |     int read_register(uint8_t reg, uint8_t *buffer, [01;31m[Ksize_t[m[K len);
[2.896s]       |                                                     [01;31m[K^~~~~~[m[K
[2.901s] [01m[K/home/r/ros2_ws/src/robot_node1/src/mpu6500.cpp:16:5:[m[K [01;31m[Kerror: [m[Kno declaration matches â€˜[01m[Kint MPU6500::read_register(uint8_t, uint8_t*, size_t)[m[Kâ€™
[2.901s]    16 | int [01;31m[KMPU6500[m[K::read_register(uint8_t reg, uint8_t *buffer, size_t len) {
[2.901s]       |     [01;31m[K^~~~~~~[m[K
[2.903s] In file included from [01m[K/home/r/ros2_ws/src/robot_node1/src/mpu6500.cpp:2[m[K:
[2.903s] [01m[K/home/r/ros2_ws/src/robot_node1/include/mpu6500.h:38:9:[m[K [01;36m[Knote: [m[Kcandidate is: â€˜[01m[Kint MPU6500::read_register(uint8_t, uint8_t*, int)[m[Kâ€™
[2.903s]    38 |     int [01;36m[Kread_register[m[K(uint8_t reg, uint8_t *buffer, size_t len);
[2.903s]       |         [01;36m[K^~~~~~~~~~~~~[m[K
[2.903s] [01m[K/home/r/ros2_ws/src/robot_node1/include/mpu6500.h:28:7:[m[K [01;36m[Knote: [m[Kâ€˜[01m[Kclass MPU6500[m[Kâ€™ defined here
[2.903s]    28 | class [01;36m[KMPU6500[m[K {
[2.903s]       |       [01;36m[K^~~~~~~[m[K
[2.906s] gmake[2]: *** [CMakeFiles/imu_node.dir/build.make:90: CMakeFiles/imu_node.dir/src/mpu6500.cpp.o] Error 1
[2.907s] gmake[2]: *** Waiting for unfinished jobs....
[3.600s] In file included from [01m[K/home/r/ros2_ws/src/robot_node1/src/imu_node.cpp:2[m[K:
[3.600s] [01m[K/home/r/ros2_ws/src/robot_node1/include/mpu6500.h:38:53:[m[K [01;31m[Kerror: [m[Kâ€˜[01m[Ksize_t[m[Kâ€™ has not been declared
[3.600s]    38 |     int read_register(uint8_t reg, uint8_t *buffer, [01;31m[Ksize_t[m[K len);
[3.600s]       |                                                     [01;31m[K^~~~~~[m[K
[17.168s] [01m[K/home/r/ros2_ws/src/robot_node1/src/imu_node.cpp:[m[K In constructor â€˜[01m[KImuNode::ImuNode()[m[Kâ€™:
[17.170s] [01m[K/home/r/ros2_ws/src/robot_node1/src/imu_node.cpp:10:37:[m[K [01;31m[Kerror: [m[Kâ€˜[01m[KO_RDWR[m[Kâ€™ was not declared in this scope
[17.173s]    10 |         i2c_fd = open("/dev/i2c-1", [01;31m[KO_RDWR[m[K);
[17.174s]       |                                     [01;31m[K^~~~~~[m[K
[17.175s] [01m[K/home/r/ros2_ws/src/robot_node1/src/imu_node.cpp:10:18:[m[K [01;31m[Kerror: [m[Kâ€˜[01m[Kopen[m[Kâ€™ was not declared in this scope; did you mean â€˜[01m[Kpopen[m[Kâ€™?
[17.175s]    10 |         i2c_fd = [01;31m[Kopen[m[K("/dev/i2c-1", O_RDWR);
[17.176s]       |                  [01;31m[K^~~~[m[K
[17.176s]       |                  [32m[Kpopen[m[K
[21.355s] gmake[2]: *** [CMakeFiles/imu_node.dir/build.make:76: CMakeFiles/imu_node.dir/src/imu_node.cpp.o] Error 1
[21.357s] gmake[1]: *** [CMakeFiles/Makefile2:137: CMakeFiles/imu_node.dir/all] Error 2
[21.358s] gmake: *** [Makefile:146: all] Error 2
[21.392s] Invoked command in '/home/r/ros2_ws/build/robot_node1' returned '2': CMAKE_PREFIX_PATH=${CMAKE_PREFIX_PATH}:/opt/ros/humble /usr/bin/cmake --build /home/r/ros2_ws/build/robot_node1 -- -j2 -l2
